Arguments: 
  /Users/alvy/bin/heroku/bin/node /Users/alvy/bin/yarn-v1.22.4/bin/yarn.js run startLocal

PATH: 
  /Users/alvy/.poetry/bin:/Library/Frameworks/Python.framework/Versions/3.7/bin:/Users/alvy/bin/google-cloud-sdk/bin:/Users/alvy/miniconda3/condabin:/Users/alvy/bin/heroku/bin:/usr/local/mysql/bin:/Users/alvy/bin/yarn-v1.22.4/bin:/Users/alvy/bin:/usr/local/bin:/usr/bin:/bin:/usr/sbin:/sbin:/Library/TeX/texbin:/opt/X11/bin:/Library/Apple/usr/bin:/Applications/Postgres.app/Contents/Versions/12/bin

Yarn version: 
  1.22.4

Node version: 
  12.16.2

Platform: 
  darwin x64

Trace: 
  SyntaxError: /Users/alvy/gbin/parcel-connect/back/package.json: Unexpected token } in JSON at position 239
      at JSON.parse (<anonymous>)
      at /Users/alvy/bin/yarn-v1.22.4/lib/cli.js:1625:59
      at Generator.next (<anonymous>)
      at step (/Users/alvy/bin/yarn-v1.22.4/lib/cli.js:310:30)
      at /Users/alvy/bin/yarn-v1.22.4/lib/cli.js:321:13

npm manifest: 
  {
    "name": "back",
    "version": "1.0.0",
    "main": "index.js",
    "author": "alvy <alvyjudy@gmail.com>",
    "license": "MIT",
    "scripts": {
      "start": "node serve.js",
      "startLocal": "export NODE_ENV=development; nodemon serve.js",
    },
    "dependencies": {
      "axios": "^0.21.0",
      "express": "^4.17.1",
      "jsonwebtoken": "^8.5.1",
      "pg": "^8.5.1",
      "pg-format": "^1.0.4"
    },
    "devDependencies": {
      "http-terminator": "^2.0.3",
      "jest": "^26.6.3",
      "nodemon": "^2.0.6"
    }
  }

yarn manifest: 
  No manifest

Lockfile: 
  No lockfile
